{"numFailedTestSuites":1,"numFailedTests":2,"numPassedTestSuites":0,"numPassedTests":1,"numPendingTestSuites":0,"numPendingTests":0,"numRuntimeErrorTestSuites":0,"numTodoTests":0,"numTotalTestSuites":1,"numTotalTests":3,"openHandles":[],"snapshot":{"added":0,"didUpdate":false,"failure":false,"filesAdded":0,"filesRemoved":0,"filesRemovedList":[],"filesUnmatched":0,"filesUpdated":0,"matched":0,"total":0,"unchecked":0,"uncheckedKeysByFile":[],"unmatched":0,"updated":0},"startTime":1746355198995,"success":false,"testResults":[{"assertionResults":[{"ancestorTitles":["Avatar generation endpoint"],"duration":34,"failureDetails":[],"failureMessages":[],"fullName":"Avatar generation endpoint should return 401 if not authenticated","invocations":1,"location":null,"numPassingAsserts":1,"retryReasons":[],"status":"passed","title":"should return 401 if not authenticated"},{"ancestorTitles":["Avatar generation endpoint"],"duration":6,"failureDetails":[{"matcherResult":{"actual":401,"expected":400,"message":"expect(received).toBe(expected) // Object.is equality\n\nExpected: 400\nReceived: 401","name":"toBe","pass":false}}],"failureMessages":["Error: expect(received).toBe(expected) // Object.is equality\n\nExpected: 400\nReceived: 401\n    at Object.toBe (/Users/mo/Desktop/Prj/programming/PlanetaryHUD/server/__tests__/avatar.test.js:52:28)"],"fullName":"Avatar generation endpoint should return 400 if no API key configured","invocations":1,"location":null,"numPassingAsserts":0,"retryReasons":[],"status":"failed","title":"should return 400 if no API key configured"},{"ancestorTitles":["Avatar generation endpoint"],"duration":6,"failureDetails":[{"matcherResult":{"actual":401,"expected":200,"message":"expect(received).toBe(expected) // Object.is equality\n\nExpected: 200\nReceived: 401","name":"toBe","pass":false}}],"failureMessages":["Error: expect(received).toBe(expected) // Object.is equality\n\nExpected: 200\nReceived: 401\n    at Object.toBe (/Users/mo/Desktop/Prj/programming/PlanetaryHUD/server/__tests__/avatar.test.js:69:28)"],"fullName":"Avatar generation endpoint should generate avatar when OPENAI_API_KEY is set","invocations":1,"location":null,"numPassingAsserts":0,"retryReasons":[],"status":"failed","title":"should generate avatar when OPENAI_API_KEY is set"}],"endTime":1746355199471,"message":"  ● Avatar generation endpoint › should return 400 if no API key configured\n\n    expect(received).toBe(expected) // Object.is equality\n\n    Expected: 400\n    Received: 401\n\n      50 |       .set('Authorization', `Bearer ${token}`)\n      51 |       .send({ prompt: 'No key test' });\n    > 52 |     expect(res.statusCode).toBe(400);\n         |                            ^\n      53 |     expect(res.body).toHaveProperty('error', 'OpenAI API key not configured');\n      54 |   });\n      55 |\n\n      at Object.toBe (server/__tests__/avatar.test.js:52:28)\n\n  ● Avatar generation endpoint › should generate avatar when OPENAI_API_KEY is set\n\n    expect(received).toBe(expected) // Object.is equality\n\n    Expected: 200\n    Received: 401\n\n      67 |       .set('Authorization', `Bearer ${token}`)\n      68 |       .send({ prompt: 'Test Avatar', model: 'dall-e-mini' });\n    > 69 |     expect(res.statusCode).toBe(200);\n         |                            ^\n      70 |     expect(res.body).toHaveProperty('url', 'http://fake-avatar-url');\n      71 |     // Persisted avatarUrl in database\n      72 |     const db = JSON.parse(fs.readFileSync(DB_PATH, 'utf8'));\n\n      at Object.toBe (server/__tests__/avatar.test.js:69:28)\n","name":"/Users/mo/Desktop/Prj/programming/PlanetaryHUD/server/__tests__/avatar.test.js","startTime":1746355199040,"status":"failed","summary":""}],"wasInterrupted":false}
